<?xml version="1.0" encoding="UTF-8"?>
<testsuite name="com.fullcycle.admin.catalogo.application.UserCaseTest" tests="1" skipped="0" failures="0" errors="0" timestamp="2022-12-15T12:43:59" hostname="DESKTOP-6SMTABB" time="0.015">
  <properties/>
  <testcase name="testCreateUsercase()" classname="com.fullcycle.admin.catalogo.application.UserCaseTest" time="0.015"/>
  <system-out><![CDATA[]]></system-out>
  <system-err><![CDATA[]]></system-err>
</testsuite>
